<html>
<head>
<title>TestNG:  Surefire test</title>
<link href="../testng.css" rel="stylesheet" type="text/css" />
<link href="../my-testng.css" rel="stylesheet" type="text/css" />

<style type="text/css">
.log { display: none;} 
.stack-trace { display: none;} 
</style>
<script type="text/javascript">
<!--
function flip(e) {
  current = e.style.display;
  if (current == 'block') {
    e.style.display = 'none';
    return 0;
  }
  else {
    e.style.display = 'block';
    return 1;
  }
}

function toggleBox(szDivId, elem, msg1, msg2)
{
  var res = -1;  if (document.getElementById) {
    res = flip(document.getElementById(szDivId));
  }
  else if (document.all) {
    // this is the way old msie versions work
    res = flip(document.all[szDivId]);
  }
  if(elem) {
    if(res == 0) elem.innerHTML = msg1; else elem.innerHTML = msg2;
  }

}

function toggleAllBoxes() {
  if (document.getElementsByTagName) {
    d = document.getElementsByTagName('div');
    for (i = 0; i < d.length; i++) {
      if (d[i].className == 'log') {
        flip(d[i]);
      }
    }
  }
}

// -->
</script>

</head>
<body>
<h2 align='center'>Surefire test</h2><table border='1' align="center">
<tr>
<td>Tests passed/Failed/Skipped:</td><td>32/0/0</td>
</tr><tr>
<td>Started on:</td><td>Sun May 04 15:12:09 CEST 2025</td>
</tr>
<tr><td>Total time:</td><td>1 seconds (1570 ms)</td>
</tr><tr>
<td>Included groups:</td><td></td>
</tr><tr>
<td>Excluded groups:</td><td></td>
</tr>
</table><p/>
<small><i>(Hover the method name to see the test class name)</i></small><p/>
<table width='100%' border='1' class='invocation-passed'>
<tr><td colspan='4' align='center'><b>PASSED TESTS</b></td></tr>
<tr><td><b>Test method</b></td>
<td><b>Attribute(s)</b></td>
<td width="30%"><b>Exception</b></td>
<td width="10%"><b>Time (seconds)</b></td>
<td><b>Instance</b></td>
</tr>
<tr>
<td title='de.learnlib.algorithm.rivestschapire.RivestSchapireDFAResumableLearnerTest.testSuspendAndResumeLearner()'><b>testSuspendAndResumeLearner</b><br>Test class: de.learnlib.algorithm.rivestschapire.RivestSchapireDFAResumableLearnerTest</td>
<td></td>
<td>0</td>
<td>de.learnlib.algorithm.rivestschapire.RivestSchapireDFAResumableLearnerTest@3e8c3cb</td></tr>
<tr>
<td title='de.learnlib.algorithm.rivestschapire.RivestSchapireMooreResumableLearnerTest.testSuspendAndResumeLearner()'><b>testSuspendAndResumeLearner</b><br>Test class: de.learnlib.algorithm.rivestschapire.RivestSchapireMooreResumableLearnerTest</td>
<td></td>
<td>0</td>
<td>de.learnlib.algorithm.rivestschapire.RivestSchapireMooreResumableLearnerTest@5d0bf09b</td></tr>
<tr>
<td title='de.learnlib.algorithm.lstar.ClassicLStarMealyGrowingAlphabetTest.testConsistencyCheck()'><b>testConsistencyCheck</b><br>Test class: de.learnlib.algorithm.lstar.ClassicLStarMealyGrowingAlphabetTest</td>
<td></td>
<td>0</td>
<td>de.learnlib.algorithm.lstar.ClassicLStarMealyGrowingAlphabetTest@248e319b</td></tr>
<tr>
<td title='de.learnlib.algorithm.malerpnueli.MalerPnueliMealyGrowingAlphabetTest.testInitialAlphabet()'><b>testInitialAlphabet</b><br>Test class: de.learnlib.algorithm.malerpnueli.MalerPnueliMealyGrowingAlphabetTest</td>
<td><div><pre>net.automatalib.exception.GrowingAlphabetNotSupportedException: The alphabet &apos;[0, 1, 2, 3, 4]&apos; does not support growing
	at net.automatalib.api@0.12.0/net.automatalib.alphabet.Alphabet.asGrowingAlphabetOrThrowException(Alphabet.java:131)
	at de.learnlib.algorithm.lstar@0.19.0-SNAPSHOT/de.learnlib.algorithm.lstar.AbstractLStar.addAlphabetSymbol(AbstractLStar.java:231)
	at de.learnlib.algorithm.lstar@0.19.0-SNAPSHOT/de.learnlib.algorithm.lstar.AbstractAutomatonLStar.addAlphabetSymbol(AbstractAutomatonLStar.java:179)
	at de.learnlib.algorithm.lstar@0.19.0-SNAPSHOT/de.learnlib.algorithm.lstar.mealy.ExtensibleLStarMealy.addAlphabetSymbol(ExtensibleLStarMealy.java:112)
	at de.learnlib.testsupport.AbstractGrowingAlphabetTest.testAlphabet(AbstractGrowingAlphabetTest.java:103)
	at de.learnlib.testsupport.AbstractGrowingAlphabetTest.testInitialAlphabet(AbstractGrowingAlphabetTest.java:84)
	at java.base/java.util.ArrayList.forEach(ArrayList.java:1511)
... Removed 32 stack frames</pre></div><a href='#' onClick='toggleBox("stack-trace1357008548", this, "Click to show all stack frames", "Click to hide stack frames")'>Click to show all stack frames</a>
<div class='stack-trace' id='stack-trace1357008548'><pre>net.automatalib.exception.GrowingAlphabetNotSupportedException: The alphabet &apos;[0, 1, 2, 3, 4]&apos; does not support growing
	at net.automatalib.api@0.12.0/net.automatalib.alphabet.Alphabet.asGrowingAlphabetOrThrowException(Alphabet.java:131)
	at de.learnlib.algorithm.lstar@0.19.0-SNAPSHOT/de.learnlib.algorithm.lstar.AbstractLStar.addAlphabetSymbol(AbstractLStar.java:231)
	at de.learnlib.algorithm.lstar@0.19.0-SNAPSHOT/de.learnlib.algorithm.lstar.AbstractAutomatonLStar.addAlphabetSymbol(AbstractAutomatonLStar.java:179)
	at de.learnlib.algorithm.lstar@0.19.0-SNAPSHOT/de.learnlib.algorithm.lstar.mealy.ExtensibleLStarMealy.addAlphabetSymbol(ExtensibleLStarMealy.java:112)
	at de.learnlib.testsupport.AbstractGrowingAlphabetTest.testAlphabet(AbstractGrowingAlphabetTest.java:103)
	at de.learnlib.testsupport.AbstractGrowingAlphabetTest.testInitialAlphabet(AbstractGrowingAlphabetTest.java:84)
	at java.base/jdk.internal.reflect.NativeMethodAccessorImpl.invoke0(Native Method)
	at java.base/jdk.internal.reflect.NativeMethodAccessorImpl.invoke(NativeMethodAccessorImpl.java:77)
	at java.base/jdk.internal.reflect.DelegatingMethodAccessorImpl.invoke(DelegatingMethodAccessorImpl.java:43)
	at java.base/java.lang.reflect.Method.invoke(Method.java:569)
	at org.testng.internal.invokers.MethodInvocationHelper.invokeMethod(MethodInvocationHelper.java:141)
	at org.testng.internal.invokers.TestInvoker.invokeMethod(TestInvoker.java:686)
	at org.testng.internal.invokers.TestInvoker.invokeTestMethod(TestInvoker.java:230)
	at org.testng.internal.invokers.MethodRunner.runInSequence(MethodRunner.java:63)
	at org.testng.internal.invokers.TestInvoker$MethodInvocationAgent.invoke(TestInvoker.java:992)
	at org.testng.internal.invokers.TestInvoker.invokeTestMethods(TestInvoker.java:203)
	at org.testng.internal.invokers.TestMethodWorker.invokeTestMethods(TestMethodWorker.java:154)
	at org.testng.internal.invokers.TestMethodWorker.run(TestMethodWorker.java:134)
	at java.base/java.util.ArrayList.forEach(ArrayList.java:1511)
	at org.testng.TestRunner.privateRun(TestRunner.java:739)
	at org.testng.TestRunner.run(TestRunner.java:614)
	at org.testng.SuiteRunner.runTest(SuiteRunner.java:421)
	at org.testng.SuiteRunner.runSequentially(SuiteRunner.java:413)
	at org.testng.SuiteRunner.privateRun(SuiteRunner.java:373)
	at org.testng.SuiteRunner.run(SuiteRunner.java:312)
	at org.testng.SuiteRunnerWorker.runSuite(SuiteRunnerWorker.java:52)
	at org.testng.SuiteRunnerWorker.run(SuiteRunnerWorker.java:95)
	at org.testng.TestNG.runSuitesSequentially(TestNG.java:1274)
	at org.testng.TestNG.runSuitesLocally(TestNG.java:1208)
	at org.testng.TestNG.runSuites(TestNG.java:1112)
	at org.testng.TestNG.run(TestNG.java:1079)
	at org.apache.maven.surefire.testng.TestNGExecutor.run(TestNGExecutor.java:155)
	at org.apache.maven.surefire.testng.TestNGDirectoryTestSuite.executeMulti(TestNGDirectoryTestSuite.java:169)
	at org.apache.maven.surefire.testng.TestNGDirectoryTestSuite.execute(TestNGDirectoryTestSuite.java:88)
	at org.apache.maven.surefire.testng.TestNGProvider.invoke(TestNGProvider.java:137)
	at org.apache.maven.surefire.booter.ForkedBooter.runSuitesInProcess(ForkedBooter.java:385)
	at org.apache.maven.surefire.booter.ForkedBooter.execute(ForkedBooter.java:162)
	at org.apache.maven.surefire.booter.ForkedBooter.run(ForkedBooter.java:507)
	at org.apache.maven.surefire.booter.ForkedBooter.main(ForkedBooter.java:495)
</pre></div></td>
<td>0</td>
<td>de.learnlib.algorithm.malerpnueli.MalerPnueliMealyGrowingAlphabetTest@3b0fe47a</td></tr>
<tr>
<td title='de.learnlib.algorithm.malerpnueli.MalerPnueliMooreGrowingAlphabetTest.testGrowingAlphabet()'><b>testGrowingAlphabet</b><br>Test class: de.learnlib.algorithm.malerpnueli.MalerPnueliMooreGrowingAlphabetTest</td>
<td></td>
<td>0</td>
<td>de.learnlib.algorithm.malerpnueli.MalerPnueliMooreGrowingAlphabetTest@235ecd9f</td></tr>
<tr>
<td title='de.learnlib.algorithm.rivestschapire.RivestSchapireMealyGrowingAlphabetTest.testGrowingAlphabet()'><b>testGrowingAlphabet</b><br>Test class: de.learnlib.algorithm.rivestschapire.RivestSchapireMealyGrowingAlphabetTest</td>
<td></td>
<td>0</td>
<td>de.learnlib.algorithm.rivestschapire.RivestSchapireMealyGrowingAlphabetTest@563f38c4</td></tr>
<tr>
<td title='de.learnlib.algorithm.lstar.ExtensibleLStarMooreGrowingAlphabetTest.testGrowingAlphabet()'><b>testGrowingAlphabet</b><br>Test class: de.learnlib.algorithm.lstar.ExtensibleLStarMooreGrowingAlphabetTest</td>
<td></td>
<td>0</td>
<td>de.learnlib.algorithm.lstar.ExtensibleLStarMooreGrowingAlphabetTest@17f62e33</td></tr>
<tr>
<td title='de.learnlib.algorithm.rivestschapire.RivestSchapireMooreGrowingAlphabetTest.testGrowingAlphabet()'><b>testGrowingAlphabet</b><br>Test class: de.learnlib.algorithm.rivestschapire.RivestSchapireMooreGrowingAlphabetTest</td>
<td></td>
<td>0</td>
<td>de.learnlib.algorithm.rivestschapire.RivestSchapireMooreGrowingAlphabetTest@543295b0</td></tr>
<tr>
<td title='de.learnlib.algorithm.lstar.ExtensibleLStarMealyGrowingAlphabetTest.testInitialAlphabet()'><b>testInitialAlphabet</b><br>Test class: de.learnlib.algorithm.lstar.ExtensibleLStarMealyGrowingAlphabetTest</td>
<td><div><pre>net.automatalib.exception.GrowingAlphabetNotSupportedException: The alphabet &apos;[0, 1, 2, 3, 4]&apos; does not support growing
	at net.automatalib.api@0.12.0/net.automatalib.alphabet.Alphabet.asGrowingAlphabetOrThrowException(Alphabet.java:131)
	at de.learnlib.algorithm.lstar@0.19.0-SNAPSHOT/de.learnlib.algorithm.lstar.AbstractLStar.addAlphabetSymbol(AbstractLStar.java:231)
	at de.learnlib.algorithm.lstar@0.19.0-SNAPSHOT/de.learnlib.algorithm.lstar.AbstractAutomatonLStar.addAlphabetSymbol(AbstractAutomatonLStar.java:179)
	at de.learnlib.algorithm.lstar@0.19.0-SNAPSHOT/de.learnlib.algorithm.lstar.mealy.ExtensibleLStarMealy.addAlphabetSymbol(ExtensibleLStarMealy.java:112)
	at de.learnlib.testsupport.AbstractGrowingAlphabetTest.testAlphabet(AbstractGrowingAlphabetTest.java:103)
	at de.learnlib.testsupport.AbstractGrowingAlphabetTest.testInitialAlphabet(AbstractGrowingAlphabetTest.java:84)
	at java.base/java.util.ArrayList.forEach(ArrayList.java:1511)
... Removed 32 stack frames</pre></div><a href='#' onClick='toggleBox("stack-trace83554804", this, "Click to show all stack frames", "Click to hide stack frames")'>Click to show all stack frames</a>
<div class='stack-trace' id='stack-trace83554804'><pre>net.automatalib.exception.GrowingAlphabetNotSupportedException: The alphabet &apos;[0, 1, 2, 3, 4]&apos; does not support growing
	at net.automatalib.api@0.12.0/net.automatalib.alphabet.Alphabet.asGrowingAlphabetOrThrowException(Alphabet.java:131)
	at de.learnlib.algorithm.lstar@0.19.0-SNAPSHOT/de.learnlib.algorithm.lstar.AbstractLStar.addAlphabetSymbol(AbstractLStar.java:231)
	at de.learnlib.algorithm.lstar@0.19.0-SNAPSHOT/de.learnlib.algorithm.lstar.AbstractAutomatonLStar.addAlphabetSymbol(AbstractAutomatonLStar.java:179)
	at de.learnlib.algorithm.lstar@0.19.0-SNAPSHOT/de.learnlib.algorithm.lstar.mealy.ExtensibleLStarMealy.addAlphabetSymbol(ExtensibleLStarMealy.java:112)
	at de.learnlib.testsupport.AbstractGrowingAlphabetTest.testAlphabet(AbstractGrowingAlphabetTest.java:103)
	at de.learnlib.testsupport.AbstractGrowingAlphabetTest.testInitialAlphabet(AbstractGrowingAlphabetTest.java:84)
	at java.base/jdk.internal.reflect.NativeMethodAccessorImpl.invoke0(Native Method)
	at java.base/jdk.internal.reflect.NativeMethodAccessorImpl.invoke(NativeMethodAccessorImpl.java:77)
	at java.base/jdk.internal.reflect.DelegatingMethodAccessorImpl.invoke(DelegatingMethodAccessorImpl.java:43)
	at java.base/java.lang.reflect.Method.invoke(Method.java:569)
	at org.testng.internal.invokers.MethodInvocationHelper.invokeMethod(MethodInvocationHelper.java:141)
	at org.testng.internal.invokers.TestInvoker.invokeMethod(TestInvoker.java:686)
	at org.testng.internal.invokers.TestInvoker.invokeTestMethod(TestInvoker.java:230)
	at org.testng.internal.invokers.MethodRunner.runInSequence(MethodRunner.java:63)
	at org.testng.internal.invokers.TestInvoker$MethodInvocationAgent.invoke(TestInvoker.java:992)
	at org.testng.internal.invokers.TestInvoker.invokeTestMethods(TestInvoker.java:203)
	at org.testng.internal.invokers.TestMethodWorker.invokeTestMethods(TestMethodWorker.java:154)
	at org.testng.internal.invokers.TestMethodWorker.run(TestMethodWorker.java:134)
	at java.base/java.util.ArrayList.forEach(ArrayList.java:1511)
	at org.testng.TestRunner.privateRun(TestRunner.java:739)
	at org.testng.TestRunner.run(TestRunner.java:614)
	at org.testng.SuiteRunner.runTest(SuiteRunner.java:421)
	at org.testng.SuiteRunner.runSequentially(SuiteRunner.java:413)
	at org.testng.SuiteRunner.privateRun(SuiteRunner.java:373)
	at org.testng.SuiteRunner.run(SuiteRunner.java:312)
	at org.testng.SuiteRunnerWorker.runSuite(SuiteRunnerWorker.java:52)
	at org.testng.SuiteRunnerWorker.run(SuiteRunnerWorker.java:95)
	at org.testng.TestNG.runSuitesSequentially(TestNG.java:1274)
	at org.testng.TestNG.runSuitesLocally(TestNG.java:1208)
	at org.testng.TestNG.runSuites(TestNG.java:1112)
	at org.testng.TestNG.run(TestNG.java:1079)
	at org.apache.maven.surefire.testng.TestNGExecutor.run(TestNGExecutor.java:155)
	at org.apache.maven.surefire.testng.TestNGDirectoryTestSuite.executeMulti(TestNGDirectoryTestSuite.java:169)
	at org.apache.maven.surefire.testng.TestNGDirectoryTestSuite.execute(TestNGDirectoryTestSuite.java:88)
	at org.apache.maven.surefire.testng.TestNGProvider.invoke(TestNGProvider.java:137)
	at org.apache.maven.surefire.booter.ForkedBooter.runSuitesInProcess(ForkedBooter.java:385)
	at org.apache.maven.surefire.booter.ForkedBooter.execute(ForkedBooter.java:162)
	at org.apache.maven.surefire.booter.ForkedBooter.run(ForkedBooter.java:507)
	at org.apache.maven.surefire.booter.ForkedBooter.main(ForkedBooter.java:495)
</pre></div></td>
<td>0</td>
<td>de.learnlib.algorithm.lstar.ExtensibleLStarMealyGrowingAlphabetTest@76b1e9b8</td></tr>
<tr>
<td title='de.learnlib.algorithm.lstar.ExtensibleLStarMealyGrowingAlphabetTest.testGrowingAlphabet()'><b>testGrowingAlphabet</b><br>Test class: de.learnlib.algorithm.lstar.ExtensibleLStarMealyGrowingAlphabetTest</td>
<td></td>
<td>0</td>
<td>de.learnlib.algorithm.lstar.ExtensibleLStarMealyGrowingAlphabetTest@76b1e9b8</td></tr>
<tr>
<td title='de.learnlib.algorithm.malerpnueli.MalerPnueliMealyResumableLearnerTest.testSuspendAndResumeLearner()'><b>testSuspendAndResumeLearner</b><br>Test class: de.learnlib.algorithm.malerpnueli.MalerPnueliMealyResumableLearnerTest</td>
<td></td>
<td>0</td>
<td>de.learnlib.algorithm.malerpnueli.MalerPnueliMealyResumableLearnerTest@7ef82753</td></tr>
<tr>
<td title='de.learnlib.algorithm.malerpnueli.MalerPnueliDFAGrowingAlphabetTest.testGrowingAlphabet()'><b>testGrowingAlphabet</b><br>Test class: de.learnlib.algorithm.malerpnueli.MalerPnueliDFAGrowingAlphabetTest</td>
<td></td>
<td>0</td>
<td>de.learnlib.algorithm.malerpnueli.MalerPnueliDFAGrowingAlphabetTest@202b0582</td></tr>
<tr>
<td title='de.learnlib.algorithm.malerpnueli.MalerPnueliDFAGrowingAlphabetTest.testInitialAlphabet()'><b>testInitialAlphabet</b><br>Test class: de.learnlib.algorithm.malerpnueli.MalerPnueliDFAGrowingAlphabetTest</td>
<td><div><pre>net.automatalib.exception.GrowingAlphabetNotSupportedException: The alphabet &apos;[0, 1, 2, 3, 4]&apos; does not support growing
	at net.automatalib.api@0.12.0/net.automatalib.alphabet.Alphabet.asGrowingAlphabetOrThrowException(Alphabet.java:131)
	at de.learnlib.algorithm.lstar@0.19.0-SNAPSHOT/de.learnlib.algorithm.lstar.AbstractLStar.addAlphabetSymbol(AbstractLStar.java:231)
	at de.learnlib.algorithm.lstar@0.19.0-SNAPSHOT/de.learnlib.algorithm.lstar.AbstractAutomatonLStar.addAlphabetSymbol(AbstractAutomatonLStar.java:179)
	at de.learnlib.testsupport.AbstractGrowingAlphabetTest.testAlphabet(AbstractGrowingAlphabetTest.java:103)
	at de.learnlib.testsupport.AbstractGrowingAlphabetTest.testInitialAlphabet(AbstractGrowingAlphabetTest.java:84)
	at java.base/java.util.ArrayList.forEach(ArrayList.java:1511)
... Removed 32 stack frames</pre></div><a href='#' onClick='toggleBox("stack-trace1107678672", this, "Click to show all stack frames", "Click to hide stack frames")'>Click to show all stack frames</a>
<div class='stack-trace' id='stack-trace1107678672'><pre>net.automatalib.exception.GrowingAlphabetNotSupportedException: The alphabet &apos;[0, 1, 2, 3, 4]&apos; does not support growing
	at net.automatalib.api@0.12.0/net.automatalib.alphabet.Alphabet.asGrowingAlphabetOrThrowException(Alphabet.java:131)
	at de.learnlib.algorithm.lstar@0.19.0-SNAPSHOT/de.learnlib.algorithm.lstar.AbstractLStar.addAlphabetSymbol(AbstractLStar.java:231)
	at de.learnlib.algorithm.lstar@0.19.0-SNAPSHOT/de.learnlib.algorithm.lstar.AbstractAutomatonLStar.addAlphabetSymbol(AbstractAutomatonLStar.java:179)
	at de.learnlib.testsupport.AbstractGrowingAlphabetTest.testAlphabet(AbstractGrowingAlphabetTest.java:103)
	at de.learnlib.testsupport.AbstractGrowingAlphabetTest.testInitialAlphabet(AbstractGrowingAlphabetTest.java:84)
	at java.base/jdk.internal.reflect.NativeMethodAccessorImpl.invoke0(Native Method)
	at java.base/jdk.internal.reflect.NativeMethodAccessorImpl.invoke(NativeMethodAccessorImpl.java:77)
	at java.base/jdk.internal.reflect.DelegatingMethodAccessorImpl.invoke(DelegatingMethodAccessorImpl.java:43)
	at java.base/java.lang.reflect.Method.invoke(Method.java:569)
	at org.testng.internal.invokers.MethodInvocationHelper.invokeMethod(MethodInvocationHelper.java:141)
	at org.testng.internal.invokers.TestInvoker.invokeMethod(TestInvoker.java:686)
	at org.testng.internal.invokers.TestInvoker.invokeTestMethod(TestInvoker.java:230)
	at org.testng.internal.invokers.MethodRunner.runInSequence(MethodRunner.java:63)
	at org.testng.internal.invokers.TestInvoker$MethodInvocationAgent.invoke(TestInvoker.java:992)
	at org.testng.internal.invokers.TestInvoker.invokeTestMethods(TestInvoker.java:203)
	at org.testng.internal.invokers.TestMethodWorker.invokeTestMethods(TestMethodWorker.java:154)
	at org.testng.internal.invokers.TestMethodWorker.run(TestMethodWorker.java:134)
	at java.base/java.util.ArrayList.forEach(ArrayList.java:1511)
	at org.testng.TestRunner.privateRun(TestRunner.java:739)
	at org.testng.TestRunner.run(TestRunner.java:614)
	at org.testng.SuiteRunner.runTest(SuiteRunner.java:421)
	at org.testng.SuiteRunner.runSequentially(SuiteRunner.java:413)
	at org.testng.SuiteRunner.privateRun(SuiteRunner.java:373)
	at org.testng.SuiteRunner.run(SuiteRunner.java:312)
	at org.testng.SuiteRunnerWorker.runSuite(SuiteRunnerWorker.java:52)
	at org.testng.SuiteRunnerWorker.run(SuiteRunnerWorker.java:95)
	at org.testng.TestNG.runSuitesSequentially(TestNG.java:1274)
	at org.testng.TestNG.runSuitesLocally(TestNG.java:1208)
	at org.testng.TestNG.runSuites(TestNG.java:1112)
	at org.testng.TestNG.run(TestNG.java:1079)
	at org.apache.maven.surefire.testng.TestNGExecutor.run(TestNGExecutor.java:155)
	at org.apache.maven.surefire.testng.TestNGDirectoryTestSuite.executeMulti(TestNGDirectoryTestSuite.java:169)
	at org.apache.maven.surefire.testng.TestNGDirectoryTestSuite.execute(TestNGDirectoryTestSuite.java:88)
	at org.apache.maven.surefire.testng.TestNGProvider.invoke(TestNGProvider.java:137)
	at org.apache.maven.surefire.booter.ForkedBooter.runSuitesInProcess(ForkedBooter.java:385)
	at org.apache.maven.surefire.booter.ForkedBooter.execute(ForkedBooter.java:162)
	at org.apache.maven.surefire.booter.ForkedBooter.run(ForkedBooter.java:507)
	at org.apache.maven.surefire.booter.ForkedBooter.main(ForkedBooter.java:495)
</pre></div></td>
<td>0</td>
<td>de.learnlib.algorithm.malerpnueli.MalerPnueliDFAGrowingAlphabetTest@202b0582</td></tr>
<tr>
<td title='de.learnlib.algorithm.rivestschapire.RivestSchapireDFAGrowingAlphabetTest.testInitialAlphabet()'><b>testInitialAlphabet</b><br>Test class: de.learnlib.algorithm.rivestschapire.RivestSchapireDFAGrowingAlphabetTest</td>
<td><div><pre>net.automatalib.exception.GrowingAlphabetNotSupportedException: The alphabet &apos;[0, 1, 2, 3, 4]&apos; does not support growing
	at net.automatalib.api@0.12.0/net.automatalib.alphabet.Alphabet.asGrowingAlphabetOrThrowException(Alphabet.java:131)
	at de.learnlib.algorithm.lstar@0.19.0-SNAPSHOT/de.learnlib.algorithm.lstar.AbstractLStar.addAlphabetSymbol(AbstractLStar.java:231)
	at de.learnlib.algorithm.lstar@0.19.0-SNAPSHOT/de.learnlib.algorithm.lstar.AbstractAutomatonLStar.addAlphabetSymbol(AbstractAutomatonLStar.java:179)
	at de.learnlib.testsupport.AbstractGrowingAlphabetTest.testAlphabet(AbstractGrowingAlphabetTest.java:103)
	at de.learnlib.testsupport.AbstractGrowingAlphabetTest.testInitialAlphabet(AbstractGrowingAlphabetTest.java:84)
	at java.base/java.util.ArrayList.forEach(ArrayList.java:1511)
... Removed 32 stack frames</pre></div><a href='#' onClick='toggleBox("stack-trace1050653829", this, "Click to show all stack frames", "Click to hide stack frames")'>Click to show all stack frames</a>
<div class='stack-trace' id='stack-trace1050653829'><pre>net.automatalib.exception.GrowingAlphabetNotSupportedException: The alphabet &apos;[0, 1, 2, 3, 4]&apos; does not support growing
	at net.automatalib.api@0.12.0/net.automatalib.alphabet.Alphabet.asGrowingAlphabetOrThrowException(Alphabet.java:131)
	at de.learnlib.algorithm.lstar@0.19.0-SNAPSHOT/de.learnlib.algorithm.lstar.AbstractLStar.addAlphabetSymbol(AbstractLStar.java:231)
	at de.learnlib.algorithm.lstar@0.19.0-SNAPSHOT/de.learnlib.algorithm.lstar.AbstractAutomatonLStar.addAlphabetSymbol(AbstractAutomatonLStar.java:179)
	at de.learnlib.testsupport.AbstractGrowingAlphabetTest.testAlphabet(AbstractGrowingAlphabetTest.java:103)
	at de.learnlib.testsupport.AbstractGrowingAlphabetTest.testInitialAlphabet(AbstractGrowingAlphabetTest.java:84)
	at java.base/jdk.internal.reflect.NativeMethodAccessorImpl.invoke0(Native Method)
	at java.base/jdk.internal.reflect.NativeMethodAccessorImpl.invoke(NativeMethodAccessorImpl.java:77)
	at java.base/jdk.internal.reflect.DelegatingMethodAccessorImpl.invoke(DelegatingMethodAccessorImpl.java:43)
	at java.base/java.lang.reflect.Method.invoke(Method.java:569)
	at org.testng.internal.invokers.MethodInvocationHelper.invokeMethod(MethodInvocationHelper.java:141)
	at org.testng.internal.invokers.TestInvoker.invokeMethod(TestInvoker.java:686)
	at org.testng.internal.invokers.TestInvoker.invokeTestMethod(TestInvoker.java:230)
	at org.testng.internal.invokers.MethodRunner.runInSequence(MethodRunner.java:63)
	at org.testng.internal.invokers.TestInvoker$MethodInvocationAgent.invoke(TestInvoker.java:992)
	at org.testng.internal.invokers.TestInvoker.invokeTestMethods(TestInvoker.java:203)
	at org.testng.internal.invokers.TestMethodWorker.invokeTestMethods(TestMethodWorker.java:154)
	at org.testng.internal.invokers.TestMethodWorker.run(TestMethodWorker.java:134)
	at java.base/java.util.ArrayList.forEach(ArrayList.java:1511)
	at org.testng.TestRunner.privateRun(TestRunner.java:739)
	at org.testng.TestRunner.run(TestRunner.java:614)
	at org.testng.SuiteRunner.runTest(SuiteRunner.java:421)
	at org.testng.SuiteRunner.runSequentially(SuiteRunner.java:413)
	at org.testng.SuiteRunner.privateRun(SuiteRunner.java:373)
	at org.testng.SuiteRunner.run(SuiteRunner.java:312)
	at org.testng.SuiteRunnerWorker.runSuite(SuiteRunnerWorker.java:52)
	at org.testng.SuiteRunnerWorker.run(SuiteRunnerWorker.java:95)
	at org.testng.TestNG.runSuitesSequentially(TestNG.java:1274)
	at org.testng.TestNG.runSuitesLocally(TestNG.java:1208)
	at org.testng.TestNG.runSuites(TestNG.java:1112)
	at org.testng.TestNG.run(TestNG.java:1079)
	at org.apache.maven.surefire.testng.TestNGExecutor.run(TestNGExecutor.java:155)
	at org.apache.maven.surefire.testng.TestNGDirectoryTestSuite.executeMulti(TestNGDirectoryTestSuite.java:169)
	at org.apache.maven.surefire.testng.TestNGDirectoryTestSuite.execute(TestNGDirectoryTestSuite.java:88)
	at org.apache.maven.surefire.testng.TestNGProvider.invoke(TestNGProvider.java:137)
	at org.apache.maven.surefire.booter.ForkedBooter.runSuitesInProcess(ForkedBooter.java:385)
	at org.apache.maven.surefire.booter.ForkedBooter.execute(ForkedBooter.java:162)
	at org.apache.maven.surefire.booter.ForkedBooter.run(ForkedBooter.java:507)
	at org.apache.maven.surefire.booter.ForkedBooter.main(ForkedBooter.java:495)
</pre></div></td>
<td>0</td>
<td>de.learnlib.algorithm.rivestschapire.RivestSchapireDFAGrowingAlphabetTest@793f29ff</td></tr>
<tr>
<td title='de.learnlib.algorithm.lstar.LStarMealyTest.testOptimizedLStarMealy()'><b>testOptimizedLStarMealy</b><br>Test class: de.learnlib.algorithm.lstar.LStarMealyTest</td>
<td></td>
<td>0</td>
<td>de.learnlib.algorithm.lstar.LStarMealyTest@27406a17</td></tr>
<tr>
<td title='de.learnlib.algorithm.lstar.LStarDFATest.testLStar()'><b>testLStar</b><br>Test class: de.learnlib.algorithm.lstar.LStarDFATest</td>
<td></td>
<td>0</td>
<td>de.learnlib.algorithm.lstar.LStarDFATest@6fdbe764</td></tr>
<tr>
<td title='de.learnlib.algorithm.rivestschapire.RivestSchapireMooreGrowingAlphabetTest.testInitialAlphabet()'><b>testInitialAlphabet</b><br>Test class: de.learnlib.algorithm.rivestschapire.RivestSchapireMooreGrowingAlphabetTest</td>
<td><div><pre>net.automatalib.exception.GrowingAlphabetNotSupportedException: The alphabet &apos;[0, 1, 2, 3, 4]&apos; does not support growing
	at net.automatalib.api@0.12.0/net.automatalib.alphabet.Alphabet.asGrowingAlphabetOrThrowException(Alphabet.java:131)
	at de.learnlib.algorithm.lstar@0.19.0-SNAPSHOT/de.learnlib.algorithm.lstar.AbstractLStar.addAlphabetSymbol(AbstractLStar.java:231)
	at de.learnlib.algorithm.lstar@0.19.0-SNAPSHOT/de.learnlib.algorithm.lstar.AbstractAutomatonLStar.addAlphabetSymbol(AbstractAutomatonLStar.java:179)
	at de.learnlib.testsupport.AbstractGrowingAlphabetTest.testAlphabet(AbstractGrowingAlphabetTest.java:103)
	at de.learnlib.testsupport.AbstractGrowingAlphabetTest.testInitialAlphabet(AbstractGrowingAlphabetTest.java:84)
	at java.base/java.util.ArrayList.forEach(ArrayList.java:1511)
... Removed 32 stack frames</pre></div><a href='#' onClick='toggleBox("stack-trace385635874", this, "Click to show all stack frames", "Click to hide stack frames")'>Click to show all stack frames</a>
<div class='stack-trace' id='stack-trace385635874'><pre>net.automatalib.exception.GrowingAlphabetNotSupportedException: The alphabet &apos;[0, 1, 2, 3, 4]&apos; does not support growing
	at net.automatalib.api@0.12.0/net.automatalib.alphabet.Alphabet.asGrowingAlphabetOrThrowException(Alphabet.java:131)
	at de.learnlib.algorithm.lstar@0.19.0-SNAPSHOT/de.learnlib.algorithm.lstar.AbstractLStar.addAlphabetSymbol(AbstractLStar.java:231)
	at de.learnlib.algorithm.lstar@0.19.0-SNAPSHOT/de.learnlib.algorithm.lstar.AbstractAutomatonLStar.addAlphabetSymbol(AbstractAutomatonLStar.java:179)
	at de.learnlib.testsupport.AbstractGrowingAlphabetTest.testAlphabet(AbstractGrowingAlphabetTest.java:103)
	at de.learnlib.testsupport.AbstractGrowingAlphabetTest.testInitialAlphabet(AbstractGrowingAlphabetTest.java:84)
	at java.base/jdk.internal.reflect.NativeMethodAccessorImpl.invoke0(Native Method)
	at java.base/jdk.internal.reflect.NativeMethodAccessorImpl.invoke(NativeMethodAccessorImpl.java:77)
	at java.base/jdk.internal.reflect.DelegatingMethodAccessorImpl.invoke(DelegatingMethodAccessorImpl.java:43)
	at java.base/java.lang.reflect.Method.invoke(Method.java:569)
	at org.testng.internal.invokers.MethodInvocationHelper.invokeMethod(MethodInvocationHelper.java:141)
	at org.testng.internal.invokers.TestInvoker.invokeMethod(TestInvoker.java:686)
	at org.testng.internal.invokers.TestInvoker.invokeTestMethod(TestInvoker.java:230)
	at org.testng.internal.invokers.MethodRunner.runInSequence(MethodRunner.java:63)
	at org.testng.internal.invokers.TestInvoker$MethodInvocationAgent.invoke(TestInvoker.java:992)
	at org.testng.internal.invokers.TestInvoker.invokeTestMethods(TestInvoker.java:203)
	at org.testng.internal.invokers.TestMethodWorker.invokeTestMethods(TestMethodWorker.java:154)
	at org.testng.internal.invokers.TestMethodWorker.run(TestMethodWorker.java:134)
	at java.base/java.util.ArrayList.forEach(ArrayList.java:1511)
	at org.testng.TestRunner.privateRun(TestRunner.java:739)
	at org.testng.TestRunner.run(TestRunner.java:614)
	at org.testng.SuiteRunner.runTest(SuiteRunner.java:421)
	at org.testng.SuiteRunner.runSequentially(SuiteRunner.java:413)
	at org.testng.SuiteRunner.privateRun(SuiteRunner.java:373)
	at org.testng.SuiteRunner.run(SuiteRunner.java:312)
	at org.testng.SuiteRunnerWorker.runSuite(SuiteRunnerWorker.java:52)
	at org.testng.SuiteRunnerWorker.run(SuiteRunnerWorker.java:95)
	at org.testng.TestNG.runSuitesSequentially(TestNG.java:1274)
	at org.testng.TestNG.runSuitesLocally(TestNG.java:1208)
	at org.testng.TestNG.runSuites(TestNG.java:1112)
	at org.testng.TestNG.run(TestNG.java:1079)
	at org.apache.maven.surefire.testng.TestNGExecutor.run(TestNGExecutor.java:155)
	at org.apache.maven.surefire.testng.TestNGDirectoryTestSuite.executeMulti(TestNGDirectoryTestSuite.java:169)
	at org.apache.maven.surefire.testng.TestNGDirectoryTestSuite.execute(TestNGDirectoryTestSuite.java:88)
	at org.apache.maven.surefire.testng.TestNGProvider.invoke(TestNGProvider.java:137)
	at org.apache.maven.surefire.booter.ForkedBooter.runSuitesInProcess(ForkedBooter.java:385)
	at org.apache.maven.surefire.booter.ForkedBooter.execute(ForkedBooter.java:162)
	at org.apache.maven.surefire.booter.ForkedBooter.run(ForkedBooter.java:507)
	at org.apache.maven.surefire.booter.ForkedBooter.main(ForkedBooter.java:495)
</pre></div></td>
<td>0</td>
<td>de.learnlib.algorithm.rivestschapire.RivestSchapireMooreGrowingAlphabetTest@543295b0</td></tr>
<tr>
<td title='de.learnlib.algorithm.lstar.ExtensibleLStarMooreGrowingAlphabetTest.testInitialAlphabet()'><b>testInitialAlphabet</b><br>Test class: de.learnlib.algorithm.lstar.ExtensibleLStarMooreGrowingAlphabetTest</td>
<td><div><pre>net.automatalib.exception.GrowingAlphabetNotSupportedException: The alphabet &apos;[0, 1, 2, 3, 4]&apos; does not support growing
	at net.automatalib.api@0.12.0/net.automatalib.alphabet.Alphabet.asGrowingAlphabetOrThrowException(Alphabet.java:131)
	at de.learnlib.algorithm.lstar@0.19.0-SNAPSHOT/de.learnlib.algorithm.lstar.AbstractLStar.addAlphabetSymbol(AbstractLStar.java:231)
	at de.learnlib.algorithm.lstar@0.19.0-SNAPSHOT/de.learnlib.algorithm.lstar.AbstractAutomatonLStar.addAlphabetSymbol(AbstractAutomatonLStar.java:179)
	at de.learnlib.testsupport.AbstractGrowingAlphabetTest.testAlphabet(AbstractGrowingAlphabetTest.java:103)
	at de.learnlib.testsupport.AbstractGrowingAlphabetTest.testInitialAlphabet(AbstractGrowingAlphabetTest.java:84)
	at java.base/java.util.ArrayList.forEach(ArrayList.java:1511)
... Removed 32 stack frames</pre></div><a href='#' onClick='toggleBox("stack-trace1990828041", this, "Click to show all stack frames", "Click to hide stack frames")'>Click to show all stack frames</a>
<div class='stack-trace' id='stack-trace1990828041'><pre>net.automatalib.exception.GrowingAlphabetNotSupportedException: The alphabet &apos;[0, 1, 2, 3, 4]&apos; does not support growing
	at net.automatalib.api@0.12.0/net.automatalib.alphabet.Alphabet.asGrowingAlphabetOrThrowException(Alphabet.java:131)
	at de.learnlib.algorithm.lstar@0.19.0-SNAPSHOT/de.learnlib.algorithm.lstar.AbstractLStar.addAlphabetSymbol(AbstractLStar.java:231)
	at de.learnlib.algorithm.lstar@0.19.0-SNAPSHOT/de.learnlib.algorithm.lstar.AbstractAutomatonLStar.addAlphabetSymbol(AbstractAutomatonLStar.java:179)
	at de.learnlib.testsupport.AbstractGrowingAlphabetTest.testAlphabet(AbstractGrowingAlphabetTest.java:103)
	at de.learnlib.testsupport.AbstractGrowingAlphabetTest.testInitialAlphabet(AbstractGrowingAlphabetTest.java:84)
	at java.base/jdk.internal.reflect.NativeMethodAccessorImpl.invoke0(Native Method)
	at java.base/jdk.internal.reflect.NativeMethodAccessorImpl.invoke(NativeMethodAccessorImpl.java:77)
	at java.base/jdk.internal.reflect.DelegatingMethodAccessorImpl.invoke(DelegatingMethodAccessorImpl.java:43)
	at java.base/java.lang.reflect.Method.invoke(Method.java:569)
	at org.testng.internal.invokers.MethodInvocationHelper.invokeMethod(MethodInvocationHelper.java:141)
	at org.testng.internal.invokers.TestInvoker.invokeMethod(TestInvoker.java:686)
	at org.testng.internal.invokers.TestInvoker.invokeTestMethod(TestInvoker.java:230)
	at org.testng.internal.invokers.MethodRunner.runInSequence(MethodRunner.java:63)
	at org.testng.internal.invokers.TestInvoker$MethodInvocationAgent.invoke(TestInvoker.java:992)
	at org.testng.internal.invokers.TestInvoker.invokeTestMethods(TestInvoker.java:203)
	at org.testng.internal.invokers.TestMethodWorker.invokeTestMethods(TestMethodWorker.java:154)
	at org.testng.internal.invokers.TestMethodWorker.run(TestMethodWorker.java:134)
	at java.base/java.util.ArrayList.forEach(ArrayList.java:1511)
	at org.testng.TestRunner.privateRun(TestRunner.java:739)
	at org.testng.TestRunner.run(TestRunner.java:614)
	at org.testng.SuiteRunner.runTest(SuiteRunner.java:421)
	at org.testng.SuiteRunner.runSequentially(SuiteRunner.java:413)
	at org.testng.SuiteRunner.privateRun(SuiteRunner.java:373)
	at org.testng.SuiteRunner.run(SuiteRunner.java:312)
	at org.testng.SuiteRunnerWorker.runSuite(SuiteRunnerWorker.java:52)
	at org.testng.SuiteRunnerWorker.run(SuiteRunnerWorker.java:95)
	at org.testng.TestNG.runSuitesSequentially(TestNG.java:1274)
	at org.testng.TestNG.runSuitesLocally(TestNG.java:1208)
	at org.testng.TestNG.runSuites(TestNG.java:1112)
	at org.testng.TestNG.run(TestNG.java:1079)
	at org.apache.maven.surefire.testng.TestNGExecutor.run(TestNGExecutor.java:155)
	at org.apache.maven.surefire.testng.TestNGDirectoryTestSuite.executeMulti(TestNGDirectoryTestSuite.java:169)
	at org.apache.maven.surefire.testng.TestNGDirectoryTestSuite.execute(TestNGDirectoryTestSuite.java:88)
	at org.apache.maven.surefire.testng.TestNGProvider.invoke(TestNGProvider.java:137)
	at org.apache.maven.surefire.booter.ForkedBooter.runSuitesInProcess(ForkedBooter.java:385)
	at org.apache.maven.surefire.booter.ForkedBooter.execute(ForkedBooter.java:162)
	at org.apache.maven.surefire.booter.ForkedBooter.run(ForkedBooter.java:507)
	at org.apache.maven.surefire.booter.ForkedBooter.main(ForkedBooter.java:495)
</pre></div></td>
<td>0</td>
<td>de.learnlib.algorithm.lstar.ExtensibleLStarMooreGrowingAlphabetTest@17f62e33</td></tr>
<tr>
<td title='de.learnlib.algorithm.lstar.ExtensibleLStarDFAGrowingAlphabetTest.testGrowingAlphabet()'><b>testGrowingAlphabet</b><br>Test class: de.learnlib.algorithm.lstar.ExtensibleLStarDFAGrowingAlphabetTest</td>
<td></td>
<td>0</td>
<td>de.learnlib.algorithm.lstar.ExtensibleLStarDFAGrowingAlphabetTest@25ce9dc4</td></tr>
<tr>
<td title='de.learnlib.algorithm.lstar.LStarMealyTest.testClassicLStarMealy()'><b>testClassicLStarMealy</b><br>Test class: de.learnlib.algorithm.lstar.LStarMealyTest</td>
<td></td>
<td>0</td>
<td>de.learnlib.algorithm.lstar.LStarMealyTest@27406a17</td></tr>
<tr>
<td title='de.learnlib.algorithm.rivestschapire.RivestSchapireDFAGrowingAlphabetTest.testGrowingAlphabet()'><b>testGrowingAlphabet</b><br>Test class: de.learnlib.algorithm.rivestschapire.RivestSchapireDFAGrowingAlphabetTest</td>
<td></td>
<td>0</td>
<td>de.learnlib.algorithm.rivestschapire.RivestSchapireDFAGrowingAlphabetTest@793f29ff</td></tr>
<tr>
<td title='de.learnlib.algorithm.rivestschapire.RivestSchapireMealyResumableLearnerTest.testSuspendAndResumeLearner()'><b>testSuspendAndResumeLearner</b><br>Test class: de.learnlib.algorithm.rivestschapire.RivestSchapireMealyResumableLearnerTest</td>
<td></td>
<td>0</td>
<td>de.learnlib.algorithm.rivestschapire.RivestSchapireMealyResumableLearnerTest@54422e18</td></tr>
<tr>
<td title='de.learnlib.algorithm.malerpnueli.MalerPnueliMooreGrowingAlphabetTest.testInitialAlphabet()'><b>testInitialAlphabet</b><br>Test class: de.learnlib.algorithm.malerpnueli.MalerPnueliMooreGrowingAlphabetTest</td>
<td><div><pre>net.automatalib.exception.GrowingAlphabetNotSupportedException: The alphabet &apos;[0, 1, 2, 3, 4]&apos; does not support growing
	at net.automatalib.api@0.12.0/net.automatalib.alphabet.Alphabet.asGrowingAlphabetOrThrowException(Alphabet.java:131)
	at de.learnlib.algorithm.lstar@0.19.0-SNAPSHOT/de.learnlib.algorithm.lstar.AbstractLStar.addAlphabetSymbol(AbstractLStar.java:231)
	at de.learnlib.algorithm.lstar@0.19.0-SNAPSHOT/de.learnlib.algorithm.lstar.AbstractAutomatonLStar.addAlphabetSymbol(AbstractAutomatonLStar.java:179)
	at de.learnlib.testsupport.AbstractGrowingAlphabetTest.testAlphabet(AbstractGrowingAlphabetTest.java:103)
	at de.learnlib.testsupport.AbstractGrowingAlphabetTest.testInitialAlphabet(AbstractGrowingAlphabetTest.java:84)
	at java.base/java.util.ArrayList.forEach(ArrayList.java:1511)
... Removed 32 stack frames</pre></div><a href='#' onClick='toggleBox("stack-trace1610470672", this, "Click to show all stack frames", "Click to hide stack frames")'>Click to show all stack frames</a>
<div class='stack-trace' id='stack-trace1610470672'><pre>net.automatalib.exception.GrowingAlphabetNotSupportedException: The alphabet &apos;[0, 1, 2, 3, 4]&apos; does not support growing
	at net.automatalib.api@0.12.0/net.automatalib.alphabet.Alphabet.asGrowingAlphabetOrThrowException(Alphabet.java:131)
	at de.learnlib.algorithm.lstar@0.19.0-SNAPSHOT/de.learnlib.algorithm.lstar.AbstractLStar.addAlphabetSymbol(AbstractLStar.java:231)
	at de.learnlib.algorithm.lstar@0.19.0-SNAPSHOT/de.learnlib.algorithm.lstar.AbstractAutomatonLStar.addAlphabetSymbol(AbstractAutomatonLStar.java:179)
	at de.learnlib.testsupport.AbstractGrowingAlphabetTest.testAlphabet(AbstractGrowingAlphabetTest.java:103)
	at de.learnlib.testsupport.AbstractGrowingAlphabetTest.testInitialAlphabet(AbstractGrowingAlphabetTest.java:84)
	at java.base/jdk.internal.reflect.NativeMethodAccessorImpl.invoke0(Native Method)
	at java.base/jdk.internal.reflect.NativeMethodAccessorImpl.invoke(NativeMethodAccessorImpl.java:77)
	at java.base/jdk.internal.reflect.DelegatingMethodAccessorImpl.invoke(DelegatingMethodAccessorImpl.java:43)
	at java.base/java.lang.reflect.Method.invoke(Method.java:569)
	at org.testng.internal.invokers.MethodInvocationHelper.invokeMethod(MethodInvocationHelper.java:141)
	at org.testng.internal.invokers.TestInvoker.invokeMethod(TestInvoker.java:686)
	at org.testng.internal.invokers.TestInvoker.invokeTestMethod(TestInvoker.java:230)
	at org.testng.internal.invokers.MethodRunner.runInSequence(MethodRunner.java:63)
	at org.testng.internal.invokers.TestInvoker$MethodInvocationAgent.invoke(TestInvoker.java:992)
	at org.testng.internal.invokers.TestInvoker.invokeTestMethods(TestInvoker.java:203)
	at org.testng.internal.invokers.TestMethodWorker.invokeTestMethods(TestMethodWorker.java:154)
	at org.testng.internal.invokers.TestMethodWorker.run(TestMethodWorker.java:134)
	at java.base/java.util.ArrayList.forEach(ArrayList.java:1511)
	at org.testng.TestRunner.privateRun(TestRunner.java:739)
	at org.testng.TestRunner.run(TestRunner.java:614)
	at org.testng.SuiteRunner.runTest(SuiteRunner.java:421)
	at org.testng.SuiteRunner.runSequentially(SuiteRunner.java:413)
	at org.testng.SuiteRunner.privateRun(SuiteRunner.java:373)
	at org.testng.SuiteRunner.run(SuiteRunner.java:312)
	at org.testng.SuiteRunnerWorker.runSuite(SuiteRunnerWorker.java:52)
	at org.testng.SuiteRunnerWorker.run(SuiteRunnerWorker.java:95)
	at org.testng.TestNG.runSuitesSequentially(TestNG.java:1274)
	at org.testng.TestNG.runSuitesLocally(TestNG.java:1208)
	at org.testng.TestNG.runSuites(TestNG.java:1112)
	at org.testng.TestNG.run(TestNG.java:1079)
	at org.apache.maven.surefire.testng.TestNGExecutor.run(TestNGExecutor.java:155)
	at org.apache.maven.surefire.testng.TestNGDirectoryTestSuite.executeMulti(TestNGDirectoryTestSuite.java:169)
	at org.apache.maven.surefire.testng.TestNGDirectoryTestSuite.execute(TestNGDirectoryTestSuite.java:88)
	at org.apache.maven.surefire.testng.TestNGProvider.invoke(TestNGProvider.java:137)
	at org.apache.maven.surefire.booter.ForkedBooter.runSuitesInProcess(ForkedBooter.java:385)
	at org.apache.maven.surefire.booter.ForkedBooter.execute(ForkedBooter.java:162)
	at org.apache.maven.surefire.booter.ForkedBooter.run(ForkedBooter.java:507)
	at org.apache.maven.surefire.booter.ForkedBooter.main(ForkedBooter.java:495)
</pre></div></td>
<td>0</td>
<td>de.learnlib.algorithm.malerpnueli.MalerPnueliMooreGrowingAlphabetTest@235ecd9f</td></tr>
<tr>
<td title='de.learnlib.algorithm.lstar.ExtensibleLStarDFAGrowingAlphabetTest.testInitialAlphabet()'><b>testInitialAlphabet</b><br>Test class: de.learnlib.algorithm.lstar.ExtensibleLStarDFAGrowingAlphabetTest</td>
<td><div><pre>net.automatalib.exception.GrowingAlphabetNotSupportedException: The alphabet &apos;[0, 1, 2, 3, 4]&apos; does not support growing
	at net.automatalib.api@0.12.0/net.automatalib.alphabet.Alphabet.asGrowingAlphabetOrThrowException(Alphabet.java:131)
	at de.learnlib.algorithm.lstar@0.19.0-SNAPSHOT/de.learnlib.algorithm.lstar.AbstractLStar.addAlphabetSymbol(AbstractLStar.java:231)
	at de.learnlib.algorithm.lstar@0.19.0-SNAPSHOT/de.learnlib.algorithm.lstar.AbstractAutomatonLStar.addAlphabetSymbol(AbstractAutomatonLStar.java:179)
	at de.learnlib.testsupport.AbstractGrowingAlphabetTest.testAlphabet(AbstractGrowingAlphabetTest.java:103)
	at de.learnlib.testsupport.AbstractGrowingAlphabetTest.testInitialAlphabet(AbstractGrowingAlphabetTest.java:84)
	at java.base/java.util.ArrayList.forEach(ArrayList.java:1511)
... Removed 32 stack frames</pre></div><a href='#' onClick='toggleBox("stack-trace247309715", this, "Click to show all stack frames", "Click to hide stack frames")'>Click to show all stack frames</a>
<div class='stack-trace' id='stack-trace247309715'><pre>net.automatalib.exception.GrowingAlphabetNotSupportedException: The alphabet &apos;[0, 1, 2, 3, 4]&apos; does not support growing
	at net.automatalib.api@0.12.0/net.automatalib.alphabet.Alphabet.asGrowingAlphabetOrThrowException(Alphabet.java:131)
	at de.learnlib.algorithm.lstar@0.19.0-SNAPSHOT/de.learnlib.algorithm.lstar.AbstractLStar.addAlphabetSymbol(AbstractLStar.java:231)
	at de.learnlib.algorithm.lstar@0.19.0-SNAPSHOT/de.learnlib.algorithm.lstar.AbstractAutomatonLStar.addAlphabetSymbol(AbstractAutomatonLStar.java:179)
	at de.learnlib.testsupport.AbstractGrowingAlphabetTest.testAlphabet(AbstractGrowingAlphabetTest.java:103)
	at de.learnlib.testsupport.AbstractGrowingAlphabetTest.testInitialAlphabet(AbstractGrowingAlphabetTest.java:84)
	at java.base/jdk.internal.reflect.NativeMethodAccessorImpl.invoke0(Native Method)
	at java.base/jdk.internal.reflect.NativeMethodAccessorImpl.invoke(NativeMethodAccessorImpl.java:77)
	at java.base/jdk.internal.reflect.DelegatingMethodAccessorImpl.invoke(DelegatingMethodAccessorImpl.java:43)
	at java.base/java.lang.reflect.Method.invoke(Method.java:569)
	at org.testng.internal.invokers.MethodInvocationHelper.invokeMethod(MethodInvocationHelper.java:141)
	at org.testng.internal.invokers.TestInvoker.invokeMethod(TestInvoker.java:686)
	at org.testng.internal.invokers.TestInvoker.invokeTestMethod(TestInvoker.java:230)
	at org.testng.internal.invokers.MethodRunner.runInSequence(MethodRunner.java:63)
	at org.testng.internal.invokers.TestInvoker$MethodInvocationAgent.invoke(TestInvoker.java:992)
	at org.testng.internal.invokers.TestInvoker.invokeTestMethods(TestInvoker.java:203)
	at org.testng.internal.invokers.TestMethodWorker.invokeTestMethods(TestMethodWorker.java:154)
	at org.testng.internal.invokers.TestMethodWorker.run(TestMethodWorker.java:134)
	at java.base/java.util.ArrayList.forEach(ArrayList.java:1511)
	at org.testng.TestRunner.privateRun(TestRunner.java:739)
	at org.testng.TestRunner.run(TestRunner.java:614)
	at org.testng.SuiteRunner.runTest(SuiteRunner.java:421)
	at org.testng.SuiteRunner.runSequentially(SuiteRunner.java:413)
	at org.testng.SuiteRunner.privateRun(SuiteRunner.java:373)
	at org.testng.SuiteRunner.run(SuiteRunner.java:312)
	at org.testng.SuiteRunnerWorker.runSuite(SuiteRunnerWorker.java:52)
	at org.testng.SuiteRunnerWorker.run(SuiteRunnerWorker.java:95)
	at org.testng.TestNG.runSuitesSequentially(TestNG.java:1274)
	at org.testng.TestNG.runSuitesLocally(TestNG.java:1208)
	at org.testng.TestNG.runSuites(TestNG.java:1112)
	at org.testng.TestNG.run(TestNG.java:1079)
	at org.apache.maven.surefire.testng.TestNGExecutor.run(TestNGExecutor.java:155)
	at org.apache.maven.surefire.testng.TestNGDirectoryTestSuite.executeMulti(TestNGDirectoryTestSuite.java:169)
	at org.apache.maven.surefire.testng.TestNGDirectoryTestSuite.execute(TestNGDirectoryTestSuite.java:88)
	at org.apache.maven.surefire.testng.TestNGProvider.invoke(TestNGProvider.java:137)
	at org.apache.maven.surefire.booter.ForkedBooter.runSuitesInProcess(ForkedBooter.java:385)
	at org.apache.maven.surefire.booter.ForkedBooter.execute(ForkedBooter.java:162)
	at org.apache.maven.surefire.booter.ForkedBooter.run(ForkedBooter.java:507)
	at org.apache.maven.surefire.booter.ForkedBooter.main(ForkedBooter.java:495)
</pre></div></td>
<td>0</td>
<td>de.learnlib.algorithm.lstar.ExtensibleLStarDFAGrowingAlphabetTest@25ce9dc4</td></tr>
<tr>
<td title='de.learnlib.algorithm.lstar.ExtensibleLStarDFAResumableLearnerTest.testSuspendAndResumeLearner()'><b>testSuspendAndResumeLearner</b><br>Test class: de.learnlib.algorithm.lstar.ExtensibleLStarDFAResumableLearnerTest</td>
<td></td>
<td>0</td>
<td>de.learnlib.algorithm.lstar.ExtensibleLStarDFAResumableLearnerTest@173ed316</td></tr>
<tr>
<td title='de.learnlib.algorithm.lstar.ClassicLStarMealyGrowingAlphabetTest.testClassicLStar()'><b>testClassicLStar</b><br>Test class: de.learnlib.algorithm.lstar.ClassicLStarMealyGrowingAlphabetTest</td>
<td><div><pre>java.lang.UnsupportedOperationException: This implementation does not correct support adding new alphabet symbols. Use the ExtensibleLStarMealy implementation with the classic counterexample handler instead.
	at de.learnlib.algorithm.lstar@0.19.0-SNAPSHOT/de.learnlib.algorithm.lstar.mealy.ClassicLStarMealy.addAlphabetSymbol(ClassicLStarMealy.java:130)
	at de.learnlib.algorithm.lstar@0.19.0-SNAPSHOT/de.learnlib.algorithm.lstar.ClassicLStarMealyGrowingAlphabetTest.testClassicLStar(ClassicLStarMealyGrowingAlphabetTest.java:92)
	at java.base/java.util.ArrayList.forEach(ArrayList.java:1511)
... Removed 32 stack frames</pre></div><a href='#' onClick='toggleBox("stack-trace903663666", this, "Click to show all stack frames", "Click to hide stack frames")'>Click to show all stack frames</a>
<div class='stack-trace' id='stack-trace903663666'><pre>java.lang.UnsupportedOperationException: This implementation does not correct support adding new alphabet symbols. Use the ExtensibleLStarMealy implementation with the classic counterexample handler instead.
	at de.learnlib.algorithm.lstar@0.19.0-SNAPSHOT/de.learnlib.algorithm.lstar.mealy.ClassicLStarMealy.addAlphabetSymbol(ClassicLStarMealy.java:130)
	at de.learnlib.algorithm.lstar@0.19.0-SNAPSHOT/de.learnlib.algorithm.lstar.ClassicLStarMealyGrowingAlphabetTest.testClassicLStar(ClassicLStarMealyGrowingAlphabetTest.java:92)
	at java.base/jdk.internal.reflect.NativeMethodAccessorImpl.invoke0(Native Method)
	at java.base/jdk.internal.reflect.NativeMethodAccessorImpl.invoke(NativeMethodAccessorImpl.java:77)
	at java.base/jdk.internal.reflect.DelegatingMethodAccessorImpl.invoke(DelegatingMethodAccessorImpl.java:43)
	at java.base/java.lang.reflect.Method.invoke(Method.java:569)
	at org.testng.internal.invokers.MethodInvocationHelper.invokeMethod(MethodInvocationHelper.java:141)
	at org.testng.internal.invokers.TestInvoker.invokeMethod(TestInvoker.java:686)
	at org.testng.internal.invokers.TestInvoker.invokeTestMethod(TestInvoker.java:230)
	at org.testng.internal.invokers.MethodRunner.runInSequence(MethodRunner.java:63)
	at org.testng.internal.invokers.TestInvoker$MethodInvocationAgent.invoke(TestInvoker.java:992)
	at org.testng.internal.invokers.TestInvoker.invokeTestMethods(TestInvoker.java:203)
	at org.testng.internal.invokers.TestMethodWorker.invokeTestMethods(TestMethodWorker.java:154)
	at org.testng.internal.invokers.TestMethodWorker.run(TestMethodWorker.java:134)
	at java.base/java.util.ArrayList.forEach(ArrayList.java:1511)
	at org.testng.TestRunner.privateRun(TestRunner.java:739)
	at org.testng.TestRunner.run(TestRunner.java:614)
	at org.testng.SuiteRunner.runTest(SuiteRunner.java:421)
	at org.testng.SuiteRunner.runSequentially(SuiteRunner.java:413)
	at org.testng.SuiteRunner.privateRun(SuiteRunner.java:373)
	at org.testng.SuiteRunner.run(SuiteRunner.java:312)
	at org.testng.SuiteRunnerWorker.runSuite(SuiteRunnerWorker.java:52)
	at org.testng.SuiteRunnerWorker.run(SuiteRunnerWorker.java:95)
	at org.testng.TestNG.runSuitesSequentially(TestNG.java:1274)
	at org.testng.TestNG.runSuitesLocally(TestNG.java:1208)
	at org.testng.TestNG.runSuites(TestNG.java:1112)
	at org.testng.TestNG.run(TestNG.java:1079)
	at org.apache.maven.surefire.testng.TestNGExecutor.run(TestNGExecutor.java:155)
	at org.apache.maven.surefire.testng.TestNGDirectoryTestSuite.executeMulti(TestNGDirectoryTestSuite.java:169)
	at org.apache.maven.surefire.testng.TestNGDirectoryTestSuite.execute(TestNGDirectoryTestSuite.java:88)
	at org.apache.maven.surefire.testng.TestNGProvider.invoke(TestNGProvider.java:137)
	at org.apache.maven.surefire.booter.ForkedBooter.runSuitesInProcess(ForkedBooter.java:385)
	at org.apache.maven.surefire.booter.ForkedBooter.execute(ForkedBooter.java:162)
	at org.apache.maven.surefire.booter.ForkedBooter.run(ForkedBooter.java:507)
	at org.apache.maven.surefire.booter.ForkedBooter.main(ForkedBooter.java:495)
</pre></div></td>
<td>0</td>
<td>de.learnlib.algorithm.lstar.ClassicLStarMealyGrowingAlphabetTest@248e319b</td></tr>
<tr>
<td title='de.learnlib.algorithm.malerpnueli.MalerPnueliDFAResumableLearnerTest.testSuspendAndResumeLearner()'><b>testSuspendAndResumeLearner</b><br>Test class: de.learnlib.algorithm.malerpnueli.MalerPnueliDFAResumableLearnerTest</td>
<td></td>
<td>0</td>
<td>de.learnlib.algorithm.malerpnueli.MalerPnueliDFAResumableLearnerTest@3e27ba32</td></tr>
<tr>
<td title='de.learnlib.algorithm.lstar.ExtensibleLStarMealyResumableLearnerTest.testSuspendAndResumeLearner()'><b>testSuspendAndResumeLearner</b><br>Test class: de.learnlib.algorithm.lstar.ExtensibleLStarMealyResumableLearnerTest</td>
<td></td>
<td>0</td>
<td>de.learnlib.algorithm.lstar.ExtensibleLStarMealyResumableLearnerTest@74ea2410</td></tr>
<tr>
<td title='de.learnlib.algorithm.lstar.ExtensibleLStarMooreResumableLearnerTest.testSuspendAndResumeLearner()'><b>testSuspendAndResumeLearner</b><br>Test class: de.learnlib.algorithm.lstar.ExtensibleLStarMooreResumableLearnerTest</td>
<td></td>
<td>0</td>
<td>de.learnlib.algorithm.lstar.ExtensibleLStarMooreResumableLearnerTest@2af004b</td></tr>
<tr>
<td title='de.learnlib.algorithm.malerpnueli.MalerPnueliMooreResumableLearnerTest.testSuspendAndResumeLearner()'><b>testSuspendAndResumeLearner</b><br>Test class: de.learnlib.algorithm.malerpnueli.MalerPnueliMooreResumableLearnerTest</td>
<td></td>
<td>0</td>
<td>de.learnlib.algorithm.malerpnueli.MalerPnueliMooreResumableLearnerTest@117159c0</td></tr>
<tr>
<td title='de.learnlib.algorithm.malerpnueli.MalerPnueliMealyGrowingAlphabetTest.testGrowingAlphabet()'><b>testGrowingAlphabet</b><br>Test class: de.learnlib.algorithm.malerpnueli.MalerPnueliMealyGrowingAlphabetTest</td>
<td></td>
<td>0</td>
<td>de.learnlib.algorithm.malerpnueli.MalerPnueliMealyGrowingAlphabetTest@3b0fe47a</td></tr>
<tr>
<td title='de.learnlib.algorithm.rivestschapire.RivestSchapireMealyGrowingAlphabetTest.testInitialAlphabet()'><b>testInitialAlphabet</b><br>Test class: de.learnlib.algorithm.rivestschapire.RivestSchapireMealyGrowingAlphabetTest</td>
<td><div><pre>net.automatalib.exception.GrowingAlphabetNotSupportedException: The alphabet &apos;[0, 1, 2, 3, 4]&apos; does not support growing
	at net.automatalib.api@0.12.0/net.automatalib.alphabet.Alphabet.asGrowingAlphabetOrThrowException(Alphabet.java:131)
	at de.learnlib.algorithm.lstar@0.19.0-SNAPSHOT/de.learnlib.algorithm.lstar.AbstractLStar.addAlphabetSymbol(AbstractLStar.java:231)
	at de.learnlib.algorithm.lstar@0.19.0-SNAPSHOT/de.learnlib.algorithm.lstar.AbstractAutomatonLStar.addAlphabetSymbol(AbstractAutomatonLStar.java:179)
	at de.learnlib.algorithm.lstar@0.19.0-SNAPSHOT/de.learnlib.algorithm.lstar.mealy.ExtensibleLStarMealy.addAlphabetSymbol(ExtensibleLStarMealy.java:112)
	at de.learnlib.testsupport.AbstractGrowingAlphabetTest.testAlphabet(AbstractGrowingAlphabetTest.java:103)
	at de.learnlib.testsupport.AbstractGrowingAlphabetTest.testInitialAlphabet(AbstractGrowingAlphabetTest.java:84)
	at java.base/java.util.ArrayList.forEach(ArrayList.java:1511)
... Removed 32 stack frames</pre></div><a href='#' onClick='toggleBox("stack-trace497402269", this, "Click to show all stack frames", "Click to hide stack frames")'>Click to show all stack frames</a>
<div class='stack-trace' id='stack-trace497402269'><pre>net.automatalib.exception.GrowingAlphabetNotSupportedException: The alphabet &apos;[0, 1, 2, 3, 4]&apos; does not support growing
	at net.automatalib.api@0.12.0/net.automatalib.alphabet.Alphabet.asGrowingAlphabetOrThrowException(Alphabet.java:131)
	at de.learnlib.algorithm.lstar@0.19.0-SNAPSHOT/de.learnlib.algorithm.lstar.AbstractLStar.addAlphabetSymbol(AbstractLStar.java:231)
	at de.learnlib.algorithm.lstar@0.19.0-SNAPSHOT/de.learnlib.algorithm.lstar.AbstractAutomatonLStar.addAlphabetSymbol(AbstractAutomatonLStar.java:179)
	at de.learnlib.algorithm.lstar@0.19.0-SNAPSHOT/de.learnlib.algorithm.lstar.mealy.ExtensibleLStarMealy.addAlphabetSymbol(ExtensibleLStarMealy.java:112)
	at de.learnlib.testsupport.AbstractGrowingAlphabetTest.testAlphabet(AbstractGrowingAlphabetTest.java:103)
	at de.learnlib.testsupport.AbstractGrowingAlphabetTest.testInitialAlphabet(AbstractGrowingAlphabetTest.java:84)
	at java.base/jdk.internal.reflect.NativeMethodAccessorImpl.invoke0(Native Method)
	at java.base/jdk.internal.reflect.NativeMethodAccessorImpl.invoke(NativeMethodAccessorImpl.java:77)
	at java.base/jdk.internal.reflect.DelegatingMethodAccessorImpl.invoke(DelegatingMethodAccessorImpl.java:43)
	at java.base/java.lang.reflect.Method.invoke(Method.java:569)
	at org.testng.internal.invokers.MethodInvocationHelper.invokeMethod(MethodInvocationHelper.java:141)
	at org.testng.internal.invokers.TestInvoker.invokeMethod(TestInvoker.java:686)
	at org.testng.internal.invokers.TestInvoker.invokeTestMethod(TestInvoker.java:230)
	at org.testng.internal.invokers.MethodRunner.runInSequence(MethodRunner.java:63)
	at org.testng.internal.invokers.TestInvoker$MethodInvocationAgent.invoke(TestInvoker.java:992)
	at org.testng.internal.invokers.TestInvoker.invokeTestMethods(TestInvoker.java:203)
	at org.testng.internal.invokers.TestMethodWorker.invokeTestMethods(TestMethodWorker.java:154)
	at org.testng.internal.invokers.TestMethodWorker.run(TestMethodWorker.java:134)
	at java.base/java.util.ArrayList.forEach(ArrayList.java:1511)
	at org.testng.TestRunner.privateRun(TestRunner.java:739)
	at org.testng.TestRunner.run(TestRunner.java:614)
	at org.testng.SuiteRunner.runTest(SuiteRunner.java:421)
	at org.testng.SuiteRunner.runSequentially(SuiteRunner.java:413)
	at org.testng.SuiteRunner.privateRun(SuiteRunner.java:373)
	at org.testng.SuiteRunner.run(SuiteRunner.java:312)
	at org.testng.SuiteRunnerWorker.runSuite(SuiteRunnerWorker.java:52)
	at org.testng.SuiteRunnerWorker.run(SuiteRunnerWorker.java:95)
	at org.testng.TestNG.runSuitesSequentially(TestNG.java:1274)
	at org.testng.TestNG.runSuitesLocally(TestNG.java:1208)
	at org.testng.TestNG.runSuites(TestNG.java:1112)
	at org.testng.TestNG.run(TestNG.java:1079)
	at org.apache.maven.surefire.testng.TestNGExecutor.run(TestNGExecutor.java:155)
	at org.apache.maven.surefire.testng.TestNGDirectoryTestSuite.executeMulti(TestNGDirectoryTestSuite.java:169)
	at org.apache.maven.surefire.testng.TestNGDirectoryTestSuite.execute(TestNGDirectoryTestSuite.java:88)
	at org.apache.maven.surefire.testng.TestNGProvider.invoke(TestNGProvider.java:137)
	at org.apache.maven.surefire.booter.ForkedBooter.runSuitesInProcess(ForkedBooter.java:385)
	at org.apache.maven.surefire.booter.ForkedBooter.execute(ForkedBooter.java:162)
	at org.apache.maven.surefire.booter.ForkedBooter.run(ForkedBooter.java:507)
	at org.apache.maven.surefire.booter.ForkedBooter.main(ForkedBooter.java:495)
</pre></div></td>
<td>0</td>
<td>de.learnlib.algorithm.rivestschapire.RivestSchapireMealyGrowingAlphabetTest@563f38c4</td></tr>
</table><p>
</body>
</html>