<html>
<head>
<title>TestNG:  Surefire test</title>
<link href="../testng.css" rel="stylesheet" type="text/css" />
<link href="../my-testng.css" rel="stylesheet" type="text/css" />

<style type="text/css">
.log { display: none;} 
.stack-trace { display: none;} 
</style>
<script type="text/javascript">
<!--
function flip(e) {
  current = e.style.display;
  if (current == 'block') {
    e.style.display = 'none';
    return 0;
  }
  else {
    e.style.display = 'block';
    return 1;
  }
}

function toggleBox(szDivId, elem, msg1, msg2)
{
  var res = -1;  if (document.getElementById) {
    res = flip(document.getElementById(szDivId));
  }
  else if (document.all) {
    // this is the way old msie versions work
    res = flip(document.all[szDivId]);
  }
  if(elem) {
    if(res == 0) elem.innerHTML = msg1; else elem.innerHTML = msg2;
  }

}

function toggleAllBoxes() {
  if (document.getElementsByTagName) {
    d = document.getElementsByTagName('div');
    for (i = 0; i < d.length; i++) {
      if (d[i].className == 'log') {
        flip(d[i]);
      }
    }
  }
}

// -->
</script>

</head>
<body>
<h2 align='center'>Surefire test</h2><table border='1' align="center">
<tr>
<td>Tests passed/Failed/Skipped:</td><td>11/0/0</td>
</tr><tr>
<td>Started on:</td><td>Sun May 04 15:12:15 CEST 2025</td>
</tr>
<tr><td>Total time:</td><td>1 seconds (1251 ms)</td>
</tr><tr>
<td>Included groups:</td><td></td>
</tr><tr>
<td>Excluded groups:</td><td></td>
</tr>
</table><p/>
<small><i>(Hover the method name to see the test class name)</i></small><p/>
<table width='100%' border='1' class='invocation-passed'>
<tr><td colspan='4' align='center'><b>PASSED TESTS</b></td></tr>
<tr><td><b>Test method</b></td>
<td><b>Attribute(s)</b></td>
<td width="30%"><b>Exception</b></td>
<td width="10%"><b>Time (seconds)</b></td>
<td><b>Instance</b></td>
</tr>
<tr>
<td title='de.learnlib.algorithm.ttt.TTTLearnerMealyResumableLearnerTest.testSuspendAndResumeLearner()'><b>testSuspendAndResumeLearner</b><br>Test class: de.learnlib.algorithm.ttt.TTTLearnerMealyResumableLearnerTest</td>
<td></td>
<td>0</td>
<td>de.learnlib.algorithm.ttt.TTTLearnerMealyResumableLearnerTest@4659191b</td></tr>
<tr>
<td title='de.learnlib.algorithm.ttt.TTTLearnerMooreGrowingAlphabetTest.testInitialAlphabet()'><b>testInitialAlphabet</b><br>Test class: de.learnlib.algorithm.ttt.TTTLearnerMooreGrowingAlphabetTest</td>
<td><div><pre>net.automatalib.exception.GrowingAlphabetNotSupportedException: The alphabet &apos;[0, 1, 2, 3, 4]&apos; does not support growing
	at net.automatalib.api@0.12.0/net.automatalib.alphabet.Alphabet.asGrowingAlphabetOrThrowException(Alphabet.java:131)
	at de.learnlib.algorithm.ttt@0.19.0-SNAPSHOT/de.learnlib.algorithm.ttt.base.AbstractTTTLearner.addAlphabetSymbol(AbstractTTTLearner.java:946)
	at de.learnlib.testsupport.AbstractGrowingAlphabetTest.testAlphabet(AbstractGrowingAlphabetTest.java:103)
	at de.learnlib.testsupport.AbstractGrowingAlphabetTest.testInitialAlphabet(AbstractGrowingAlphabetTest.java:84)
	at java.base/java.util.ArrayList.forEach(ArrayList.java:1511)
... Removed 32 stack frames</pre></div><a href='#' onClick='toggleBox("stack-trace2007004340", this, "Click to show all stack frames", "Click to hide stack frames")'>Click to show all stack frames</a>
<div class='stack-trace' id='stack-trace2007004340'><pre>net.automatalib.exception.GrowingAlphabetNotSupportedException: The alphabet &apos;[0, 1, 2, 3, 4]&apos; does not support growing
	at net.automatalib.api@0.12.0/net.automatalib.alphabet.Alphabet.asGrowingAlphabetOrThrowException(Alphabet.java:131)
	at de.learnlib.algorithm.ttt@0.19.0-SNAPSHOT/de.learnlib.algorithm.ttt.base.AbstractTTTLearner.addAlphabetSymbol(AbstractTTTLearner.java:946)
	at de.learnlib.testsupport.AbstractGrowingAlphabetTest.testAlphabet(AbstractGrowingAlphabetTest.java:103)
	at de.learnlib.testsupport.AbstractGrowingAlphabetTest.testInitialAlphabet(AbstractGrowingAlphabetTest.java:84)
	at java.base/jdk.internal.reflect.NativeMethodAccessorImpl.invoke0(Native Method)
	at java.base/jdk.internal.reflect.NativeMethodAccessorImpl.invoke(NativeMethodAccessorImpl.java:77)
	at java.base/jdk.internal.reflect.DelegatingMethodAccessorImpl.invoke(DelegatingMethodAccessorImpl.java:43)
	at java.base/java.lang.reflect.Method.invoke(Method.java:569)
	at org.testng.internal.invokers.MethodInvocationHelper.invokeMethod(MethodInvocationHelper.java:141)
	at org.testng.internal.invokers.TestInvoker.invokeMethod(TestInvoker.java:686)
	at org.testng.internal.invokers.TestInvoker.invokeTestMethod(TestInvoker.java:230)
	at org.testng.internal.invokers.MethodRunner.runInSequence(MethodRunner.java:63)
	at org.testng.internal.invokers.TestInvoker$MethodInvocationAgent.invoke(TestInvoker.java:992)
	at org.testng.internal.invokers.TestInvoker.invokeTestMethods(TestInvoker.java:203)
	at org.testng.internal.invokers.TestMethodWorker.invokeTestMethods(TestMethodWorker.java:154)
	at org.testng.internal.invokers.TestMethodWorker.run(TestMethodWorker.java:134)
	at java.base/java.util.ArrayList.forEach(ArrayList.java:1511)
	at org.testng.TestRunner.privateRun(TestRunner.java:739)
	at org.testng.TestRunner.run(TestRunner.java:614)
	at org.testng.SuiteRunner.runTest(SuiteRunner.java:421)
	at org.testng.SuiteRunner.runSequentially(SuiteRunner.java:413)
	at org.testng.SuiteRunner.privateRun(SuiteRunner.java:373)
	at org.testng.SuiteRunner.run(SuiteRunner.java:312)
	at org.testng.SuiteRunnerWorker.runSuite(SuiteRunnerWorker.java:52)
	at org.testng.SuiteRunnerWorker.run(SuiteRunnerWorker.java:95)
	at org.testng.TestNG.runSuitesSequentially(TestNG.java:1274)
	at org.testng.TestNG.runSuitesLocally(TestNG.java:1208)
	at org.testng.TestNG.runSuites(TestNG.java:1112)
	at org.testng.TestNG.run(TestNG.java:1079)
	at org.apache.maven.surefire.testng.TestNGExecutor.run(TestNGExecutor.java:155)
	at org.apache.maven.surefire.testng.TestNGDirectoryTestSuite.executeMulti(TestNGDirectoryTestSuite.java:169)
	at org.apache.maven.surefire.testng.TestNGDirectoryTestSuite.execute(TestNGDirectoryTestSuite.java:88)
	at org.apache.maven.surefire.testng.TestNGProvider.invoke(TestNGProvider.java:137)
	at org.apache.maven.surefire.booter.ForkedBooter.runSuitesInProcess(ForkedBooter.java:385)
	at org.apache.maven.surefire.booter.ForkedBooter.execute(ForkedBooter.java:162)
	at org.apache.maven.surefire.booter.ForkedBooter.run(ForkedBooter.java:507)
	at org.apache.maven.surefire.booter.ForkedBooter.main(ForkedBooter.java:495)
</pre></div></td>
<td>0</td>
<td>de.learnlib.algorithm.ttt.TTTLearnerMooreGrowingAlphabetTest@29215f06</td></tr>
<tr>
<td title='de.learnlib.algorithm.ttt.TTTDFAGrowingAlphabetTest.testInitialAlphabet()'><b>testInitialAlphabet</b><br>Test class: de.learnlib.algorithm.ttt.TTTDFAGrowingAlphabetTest</td>
<td><div><pre>net.automatalib.exception.GrowingAlphabetNotSupportedException: The alphabet &apos;[0, 1, 2, 3, 4]&apos; does not support growing
	at net.automatalib.api@0.12.0/net.automatalib.alphabet.Alphabet.asGrowingAlphabetOrThrowException(Alphabet.java:131)
	at de.learnlib.algorithm.ttt@0.19.0-SNAPSHOT/de.learnlib.algorithm.ttt.base.AbstractTTTLearner.addAlphabetSymbol(AbstractTTTLearner.java:946)
	at de.learnlib.testsupport.AbstractGrowingAlphabetTest.testAlphabet(AbstractGrowingAlphabetTest.java:103)
	at de.learnlib.testsupport.AbstractGrowingAlphabetTest.testInitialAlphabet(AbstractGrowingAlphabetTest.java:84)
	at java.base/java.util.ArrayList.forEach(ArrayList.java:1511)
... Removed 32 stack frames</pre></div><a href='#' onClick='toggleBox("stack-trace640736196", this, "Click to show all stack frames", "Click to hide stack frames")'>Click to show all stack frames</a>
<div class='stack-trace' id='stack-trace640736196'><pre>net.automatalib.exception.GrowingAlphabetNotSupportedException: The alphabet &apos;[0, 1, 2, 3, 4]&apos; does not support growing
	at net.automatalib.api@0.12.0/net.automatalib.alphabet.Alphabet.asGrowingAlphabetOrThrowException(Alphabet.java:131)
	at de.learnlib.algorithm.ttt@0.19.0-SNAPSHOT/de.learnlib.algorithm.ttt.base.AbstractTTTLearner.addAlphabetSymbol(AbstractTTTLearner.java:946)
	at de.learnlib.testsupport.AbstractGrowingAlphabetTest.testAlphabet(AbstractGrowingAlphabetTest.java:103)
	at de.learnlib.testsupport.AbstractGrowingAlphabetTest.testInitialAlphabet(AbstractGrowingAlphabetTest.java:84)
	at java.base/jdk.internal.reflect.NativeMethodAccessorImpl.invoke0(Native Method)
	at java.base/jdk.internal.reflect.NativeMethodAccessorImpl.invoke(NativeMethodAccessorImpl.java:77)
	at java.base/jdk.internal.reflect.DelegatingMethodAccessorImpl.invoke(DelegatingMethodAccessorImpl.java:43)
	at java.base/java.lang.reflect.Method.invoke(Method.java:569)
	at org.testng.internal.invokers.MethodInvocationHelper.invokeMethod(MethodInvocationHelper.java:141)
	at org.testng.internal.invokers.TestInvoker.invokeMethod(TestInvoker.java:686)
	at org.testng.internal.invokers.TestInvoker.invokeTestMethod(TestInvoker.java:230)
	at org.testng.internal.invokers.MethodRunner.runInSequence(MethodRunner.java:63)
	at org.testng.internal.invokers.TestInvoker$MethodInvocationAgent.invoke(TestInvoker.java:992)
	at org.testng.internal.invokers.TestInvoker.invokeTestMethods(TestInvoker.java:203)
	at org.testng.internal.invokers.TestMethodWorker.invokeTestMethods(TestMethodWorker.java:154)
	at org.testng.internal.invokers.TestMethodWorker.run(TestMethodWorker.java:134)
	at java.base/java.util.ArrayList.forEach(ArrayList.java:1511)
	at org.testng.TestRunner.privateRun(TestRunner.java:739)
	at org.testng.TestRunner.run(TestRunner.java:614)
	at org.testng.SuiteRunner.runTest(SuiteRunner.java:421)
	at org.testng.SuiteRunner.runSequentially(SuiteRunner.java:413)
	at org.testng.SuiteRunner.privateRun(SuiteRunner.java:373)
	at org.testng.SuiteRunner.run(SuiteRunner.java:312)
	at org.testng.SuiteRunnerWorker.runSuite(SuiteRunnerWorker.java:52)
	at org.testng.SuiteRunnerWorker.run(SuiteRunnerWorker.java:95)
	at org.testng.TestNG.runSuitesSequentially(TestNG.java:1274)
	at org.testng.TestNG.runSuitesLocally(TestNG.java:1208)
	at org.testng.TestNG.runSuites(TestNG.java:1112)
	at org.testng.TestNG.run(TestNG.java:1079)
	at org.apache.maven.surefire.testng.TestNGExecutor.run(TestNGExecutor.java:155)
	at org.apache.maven.surefire.testng.TestNGDirectoryTestSuite.executeMulti(TestNGDirectoryTestSuite.java:169)
	at org.apache.maven.surefire.testng.TestNGDirectoryTestSuite.execute(TestNGDirectoryTestSuite.java:88)
	at org.apache.maven.surefire.testng.TestNGProvider.invoke(TestNGProvider.java:137)
	at org.apache.maven.surefire.booter.ForkedBooter.runSuitesInProcess(ForkedBooter.java:385)
	at org.apache.maven.surefire.booter.ForkedBooter.execute(ForkedBooter.java:162)
	at org.apache.maven.surefire.booter.ForkedBooter.run(ForkedBooter.java:507)
	at org.apache.maven.surefire.booter.ForkedBooter.main(ForkedBooter.java:495)
</pre></div></td>
<td>0</td>
<td>de.learnlib.algorithm.ttt.TTTDFAGrowingAlphabetTest@59505b48</td></tr>
<tr>
<td title='de.learnlib.algorithm.ttt.TTTLearnerMooreResumableLearnerTest.testSuspendAndResumeLearner()'><b>testSuspendAndResumeLearner</b><br>Test class: de.learnlib.algorithm.ttt.TTTLearnerMooreResumableLearnerTest</td>
<td></td>
<td>0</td>
<td>de.learnlib.algorithm.ttt.TTTLearnerMooreResumableLearnerTest@4efac082</td></tr>
<tr>
<td title='de.learnlib.algorithm.ttt.TTTVisualizationTest.testVisualizeDT()'><b>testVisualizeDT</b><br>Test class: de.learnlib.algorithm.ttt.TTTVisualizationTest</td>
<td></td>
<td>0</td>
<td>de.learnlib.algorithm.ttt.TTTVisualizationTest@448c8166</td></tr>
<tr>
<td title='de.learnlib.algorithm.ttt.TTTLearnerDFAResumableLearnerTest.testSuspendAndResumeLearner()'><b>testSuspendAndResumeLearner</b><br>Test class: de.learnlib.algorithm.ttt.TTTLearnerDFAResumableLearnerTest</td>
<td></td>
<td>0</td>
<td>de.learnlib.algorithm.ttt.TTTLearnerDFAResumableLearnerTest@6bd61f98</td></tr>
<tr>
<td title='de.learnlib.algorithm.ttt.TTTLearnerMealyGrowingAlphabetTest.testGrowingAlphabet()'><b>testGrowingAlphabet</b><br>Test class: de.learnlib.algorithm.ttt.TTTLearnerMealyGrowingAlphabetTest</td>
<td></td>
<td>0</td>
<td>de.learnlib.algorithm.ttt.TTTLearnerMealyGrowingAlphabetTest@2d710f1a</td></tr>
<tr>
<td title='de.learnlib.algorithm.ttt.TTTLearnerMooreGrowingAlphabetTest.testGrowingAlphabet()'><b>testGrowingAlphabet</b><br>Test class: de.learnlib.algorithm.ttt.TTTLearnerMooreGrowingAlphabetTest</td>
<td></td>
<td>0</td>
<td>de.learnlib.algorithm.ttt.TTTLearnerMooreGrowingAlphabetTest@29215f06</td></tr>
<tr>
<td title='de.learnlib.algorithm.ttt.TTTLearnerMealyGrowingAlphabetTest.testInitialAlphabet()'><b>testInitialAlphabet</b><br>Test class: de.learnlib.algorithm.ttt.TTTLearnerMealyGrowingAlphabetTest</td>
<td><div><pre>net.automatalib.exception.GrowingAlphabetNotSupportedException: The alphabet &apos;[0, 1, 2, 3, 4]&apos; does not support growing
	at net.automatalib.api@0.12.0/net.automatalib.alphabet.Alphabet.asGrowingAlphabetOrThrowException(Alphabet.java:131)
	at de.learnlib.algorithm.ttt@0.19.0-SNAPSHOT/de.learnlib.algorithm.ttt.base.AbstractTTTLearner.addAlphabetSymbol(AbstractTTTLearner.java:946)
	at de.learnlib.testsupport.AbstractGrowingAlphabetTest.testAlphabet(AbstractGrowingAlphabetTest.java:103)
	at de.learnlib.testsupport.AbstractGrowingAlphabetTest.testInitialAlphabet(AbstractGrowingAlphabetTest.java:84)
	at java.base/java.util.ArrayList.forEach(ArrayList.java:1511)
... Removed 32 stack frames</pre></div><a href='#' onClick='toggleBox("stack-trace5563134", this, "Click to show all stack frames", "Click to hide stack frames")'>Click to show all stack frames</a>
<div class='stack-trace' id='stack-trace5563134'><pre>net.automatalib.exception.GrowingAlphabetNotSupportedException: The alphabet &apos;[0, 1, 2, 3, 4]&apos; does not support growing
	at net.automatalib.api@0.12.0/net.automatalib.alphabet.Alphabet.asGrowingAlphabetOrThrowException(Alphabet.java:131)
	at de.learnlib.algorithm.ttt@0.19.0-SNAPSHOT/de.learnlib.algorithm.ttt.base.AbstractTTTLearner.addAlphabetSymbol(AbstractTTTLearner.java:946)
	at de.learnlib.testsupport.AbstractGrowingAlphabetTest.testAlphabet(AbstractGrowingAlphabetTest.java:103)
	at de.learnlib.testsupport.AbstractGrowingAlphabetTest.testInitialAlphabet(AbstractGrowingAlphabetTest.java:84)
	at java.base/jdk.internal.reflect.NativeMethodAccessorImpl.invoke0(Native Method)
	at java.base/jdk.internal.reflect.NativeMethodAccessorImpl.invoke(NativeMethodAccessorImpl.java:77)
	at java.base/jdk.internal.reflect.DelegatingMethodAccessorImpl.invoke(DelegatingMethodAccessorImpl.java:43)
	at java.base/java.lang.reflect.Method.invoke(Method.java:569)
	at org.testng.internal.invokers.MethodInvocationHelper.invokeMethod(MethodInvocationHelper.java:141)
	at org.testng.internal.invokers.TestInvoker.invokeMethod(TestInvoker.java:686)
	at org.testng.internal.invokers.TestInvoker.invokeTestMethod(TestInvoker.java:230)
	at org.testng.internal.invokers.MethodRunner.runInSequence(MethodRunner.java:63)
	at org.testng.internal.invokers.TestInvoker$MethodInvocationAgent.invoke(TestInvoker.java:992)
	at org.testng.internal.invokers.TestInvoker.invokeTestMethods(TestInvoker.java:203)
	at org.testng.internal.invokers.TestMethodWorker.invokeTestMethods(TestMethodWorker.java:154)
	at org.testng.internal.invokers.TestMethodWorker.run(TestMethodWorker.java:134)
	at java.base/java.util.ArrayList.forEach(ArrayList.java:1511)
	at org.testng.TestRunner.privateRun(TestRunner.java:739)
	at org.testng.TestRunner.run(TestRunner.java:614)
	at org.testng.SuiteRunner.runTest(SuiteRunner.java:421)
	at org.testng.SuiteRunner.runSequentially(SuiteRunner.java:413)
	at org.testng.SuiteRunner.privateRun(SuiteRunner.java:373)
	at org.testng.SuiteRunner.run(SuiteRunner.java:312)
	at org.testng.SuiteRunnerWorker.runSuite(SuiteRunnerWorker.java:52)
	at org.testng.SuiteRunnerWorker.run(SuiteRunnerWorker.java:95)
	at org.testng.TestNG.runSuitesSequentially(TestNG.java:1274)
	at org.testng.TestNG.runSuitesLocally(TestNG.java:1208)
	at org.testng.TestNG.runSuites(TestNG.java:1112)
	at org.testng.TestNG.run(TestNG.java:1079)
	at org.apache.maven.surefire.testng.TestNGExecutor.run(TestNGExecutor.java:155)
	at org.apache.maven.surefire.testng.TestNGDirectoryTestSuite.executeMulti(TestNGDirectoryTestSuite.java:169)
	at org.apache.maven.surefire.testng.TestNGDirectoryTestSuite.execute(TestNGDirectoryTestSuite.java:88)
	at org.apache.maven.surefire.testng.TestNGProvider.invoke(TestNGProvider.java:137)
	at org.apache.maven.surefire.booter.ForkedBooter.runSuitesInProcess(ForkedBooter.java:385)
	at org.apache.maven.surefire.booter.ForkedBooter.execute(ForkedBooter.java:162)
	at org.apache.maven.surefire.booter.ForkedBooter.run(ForkedBooter.java:507)
	at org.apache.maven.surefire.booter.ForkedBooter.main(ForkedBooter.java:495)
</pre></div></td>
<td>0</td>
<td>de.learnlib.algorithm.ttt.TTTLearnerMealyGrowingAlphabetTest@2d710f1a</td></tr>
<tr>
<td title='de.learnlib.algorithm.ttt.TTTDFAGrowingAlphabetTest.testGrowingAlphabet()'><b>testGrowingAlphabet</b><br>Test class: de.learnlib.algorithm.ttt.TTTDFAGrowingAlphabetTest</td>
<td></td>
<td>0</td>
<td>de.learnlib.algorithm.ttt.TTTDFAGrowingAlphabetTest@59505b48</td></tr>
<tr>
<td title='de.learnlib.algorithm.ttt.TTTVisualizationTest.testVisualizeHyp()'><b>testVisualizeHyp</b><br>Test class: de.learnlib.algorithm.ttt.TTTVisualizationTest</td>
<td></td>
<td>0</td>
<td>de.learnlib.algorithm.ttt.TTTVisualizationTest@448c8166</td></tr>
</table><p>
</body>
</html>